<?xml version="1.0" encoding="UTF-8"?>
<!-- Generated by org.testng.reporters.JUnitXMLReporter -->
<testsuite ignored="0" hostname="USBLRRKALALE1MB" failures="4" tests="7" name="BankingApp Chrome Test" time="166.903" errors="0" timestamp="15 Nov 2019 10:54:28 GMT">
  <testcase classname="com.inetBanking.testCases.TC_LoginTest_001" name="logiDDT" time="1.913"/>
  <testcase classname="com.inetBanking.testCases.TC_LoginDD_002" name="loginDD" time="8.154"/>
  <testcase classname="com.inetBanking.testCases.TC_LoginDD_002" name="loginDD" time="1.964">
    <failure type="java.lang.AssertionError" message="expected [true] but found [false]">
      <![CDATA[java.lang.AssertionError: expected [true] but found [false]
at com.inetBanking.testCases.TC_LoginDD_002.loginDD(TC_LoginDD_002.java:25)
... Removed 29 stack frames]]>
    </failure>
  </testcase> <!-- loginDD -->
  <testcase classname="com.inetBanking.testCases.TC_LoginDD_002" name="loginDD" time="2.939">
    <failure type="java.lang.AssertionError" message="expected [true] but found [false]">
      <![CDATA[java.lang.AssertionError: expected [true] but found [false]
at com.inetBanking.testCases.TC_LoginDD_002.loginDD(TC_LoginDD_002.java:25)
... Removed 29 stack frames]]>
    </failure>
  </testcase> <!-- loginDD -->
  <testcase classname="com.inetBanking.testCases.TC_LoginDD_002" name="loginDD" time="6.358"/>
  <testcase classname="com.inetBanking.testCases.TC_LoginDD_002" name="loginDD" time="2.774">
    <failure type="java.lang.AssertionError" message="expected [true] but found [false]">
      <![CDATA[java.lang.AssertionError: expected [true] but found [false]
at com.inetBanking.testCases.TC_LoginDD_002.loginDD(TC_LoginDD_002.java:25)
... Removed 29 stack frames]]>
    </failure>
  </testcase> <!-- loginDD -->
  <testcase classname="com.inetBanking.testCases.TC_AddCustomerTest_003" name="addNewCutomer" time="120.317">
    <failure type="org.openqa.selenium.NoSuchElementException" message="no such element: Unable to locate element: {&amp;quot;method&amp;quot;:&amp;quot;xpath&amp;quot;,&amp;quot;selector&amp;quot;:&amp;quot;//a[@href=&amp;apos;addcustomerpage.php&amp;apos;]&amp;quot;}
  (Session info: chrome=78.0.3904.97)
For documentation on this error, please visit: https://www.seleniumhq.org/exceptions/no_such_element.html
Build info: version: &amp;apos;3.141.59&amp;apos;, revision: &amp;apos;e82be7d358&amp;apos;, time: &amp;apos;2018-11-14T08:17:03&amp;apos;
System info: host: &amp;apos;USBLRRKALALE1MB&amp;apos;, ip: &amp;apos;fe80:0:0:0:1869:91c0:694c:a820%en0&amp;apos;, os.name: &amp;apos;Mac OS X&amp;apos;, os.arch: &amp;apos;x86_64&amp;apos;, os.version: &amp;apos;10.14.6&amp;apos;, java.version: &amp;apos;12&amp;apos;
Driver info: org.openqa.selenium.chrome.ChromeDriver
Capabilities {acceptInsecureCerts: false, browserName: chrome, browserVersion: 78.0.3904.97, chrome: {chromedriverVersion: 78.0.3904.70 (edb9c9f3de024..., userDataDir: /var/folders/by/6wndhkv5231...}, goog:chromeOptions: {debuggerAddress: localhost:65411}, javascriptEnabled: true, networkConnectionEnabled: false, pageLoadStrategy: normal, platform: MAC, platformName: MAC, proxy: Proxy(), setWindowRect: true, strictFileInteractability: false, timeouts: {implicit: 0, pageLoad: 300000, script: 30000}, unhandledPromptBehavior: dismiss and notify}
Session ID: 598a26e96a0186e8aec016fbaf2ba5db
*** Element info: {Using=xpath, value=//a[@href=&amp;apos;addcustomerpage.php&amp;apos;]}">
      <![CDATA[org.openqa.selenium.NoSuchElementException: no such element: Unable to locate element: {"method":"xpath","selector":"//a[@href='addcustomerpage.php']"}
  (Session info: chrome=78.0.3904.97)
For documentation on this error, please visit: https://www.seleniumhq.org/exceptions/no_such_element.html
Build info: version: '3.141.59', revision: 'e82be7d358', time: '2018-11-14T08:17:03'
System info: host: 'USBLRRKALALE1MB', ip: 'fe80:0:0:0:1869:91c0:694c:a820%en0', os.name: 'Mac OS X', os.arch: 'x86_64', os.version: '10.14.6', java.version: '12'
Driver info: org.openqa.selenium.chrome.ChromeDriver
Capabilities {acceptInsecureCerts: false, browserName: chrome, browserVersion: 78.0.3904.97, chrome: {chromedriverVersion: 78.0.3904.70 (edb9c9f3de024..., userDataDir: /var/folders/by/6wndhkv5231...}, goog:chromeOptions: {debuggerAddress: localhost:65411}, javascriptEnabled: true, networkConnectionEnabled: false, pageLoadStrategy: normal, platform: MAC, platformName: MAC, proxy: Proxy(), setWindowRect: true, strictFileInteractability: false, timeouts: {implicit: 0, pageLoad: 300000, script: 30000}, unhandledPromptBehavior: dismiss and notify}
Session ID: 598a26e96a0186e8aec016fbaf2ba5db
*** Element info: {Using=xpath, value=//a[@href='addcustomerpage.php']}
at org.openqa.selenium.remote.http.W3CHttpResponseCodec.createException(W3CHttpResponseCodec.java:187)
at org.openqa.selenium.remote.http.W3CHttpResponseCodec.decode(W3CHttpResponseCodec.java:122)
at org.openqa.selenium.remote.http.W3CHttpResponseCodec.decode(W3CHttpResponseCodec.java:49)
at org.openqa.selenium.remote.HttpCommandExecutor.execute(HttpCommandExecutor.java:158)
at org.openqa.selenium.remote.service.DriverCommandExecutor.execute(DriverCommandExecutor.java:83)
at org.openqa.selenium.remote.RemoteWebDriver.execute(RemoteWebDriver.java:552)
at org.openqa.selenium.remote.RemoteWebDriver.findElement(RemoteWebDriver.java:323)
at org.openqa.selenium.remote.RemoteWebDriver.findElementByXPath(RemoteWebDriver.java:428)
at org.openqa.selenium.By$ByXPath.findElement(By.java:353)
at org.openqa.selenium.remote.RemoteWebDriver.findElement(RemoteWebDriver.java:315)
at org.openqa.selenium.support.pagefactory.DefaultElementLocator.findElement(DefaultElementLocator.java:69)
at org.openqa.selenium.support.pagefactory.internal.LocatingElementHandler.invoke(LocatingElementHandler.java:38)
at com.sun.proxy.$Proxy15.click(Unknown Source)
at com.inetBanking.pageObjects.AddCutomerPage.clickAddNewCustomer(AddCutomerPage.java:68)
at com.inetBanking.testCases.TC_AddCustomerTest_003.addNewCutomer(TC_AddCustomerTest_003.java:22)
... Removed 30 stack frames]]>
    </failure>
  </testcase> <!-- addNewCutomer -->
</testsuite> <!-- BankingApp Chrome Test -->
