<?xml version="1.0" encoding="UTF-8"?>
<!-- Generated by org.testng.reporters.JUnitXMLReporter -->
<testsuite ignored="1" hostname="USBLRRKALALE1MB" failures="1" tests="1" name="BankingApp Chrome Test(failed)" time="57.598" errors="0" timestamp="15 Nov 2019 10:24:39 GMT">
  <testcase classname="com.inetBanking.testCases.TC_LoginTest_001" name="logiDDT" time="2.933">
    <failure type="org.openqa.selenium.NoSuchElementException" message="Cannot locate an element using name=uid
For documentation on this error, please visit: https://www.seleniumhq.org/exceptions/no_such_element.html
Build info: version: &amp;apos;3.141.59&amp;apos;, revision: &amp;apos;e82be7d358&amp;apos;, time: &amp;apos;2018-11-14T08:17:03&amp;apos;
System info: host: &amp;apos;USBLRRKALALE1MB&amp;apos;, ip: &amp;apos;fe80:0:0:0:1869:91c0:694c:a820%en0&amp;apos;, os.name: &amp;apos;Mac OS X&amp;apos;, os.arch: &amp;apos;x86_64&amp;apos;, os.version: &amp;apos;10.14.6&amp;apos;, java.version: &amp;apos;12&amp;apos;
Driver info: driver.version: RemoteWebDriver">
      <![CDATA[org.openqa.selenium.NoSuchElementException: Cannot locate an element using name=uid
For documentation on this error, please visit: https://www.seleniumhq.org/exceptions/no_such_element.html
Build info: version: '3.141.59', revision: 'e82be7d358', time: '2018-11-14T08:17:03'
System info: host: 'USBLRRKALALE1MB', ip: 'fe80:0:0:0:1869:91c0:694c:a820%en0', os.name: 'Mac OS X', os.arch: 'x86_64', os.version: '10.14.6', java.version: '12'
Driver info: driver.version: RemoteWebDriver
at org.openqa.selenium.remote.RemoteWebDriver.findElement(RemoteWebDriver.java:327)
at org.openqa.selenium.remote.RemoteWebDriver.findElementByName(RemoteWebDriver.java:404)
at org.openqa.selenium.By$ByName.findElement(By.java:284)
at org.openqa.selenium.remote.RemoteWebDriver.findElement(RemoteWebDriver.java:315)
at org.openqa.selenium.support.pagefactory.DefaultElementLocator.findElement(DefaultElementLocator.java:69)
at org.openqa.selenium.support.pagefactory.internal.LocatingElementHandler.invoke(LocatingElementHandler.java:38)
at com.sun.proxy.$Proxy15.sendKeys(Unknown Source)
at com.inetBanking.pageObjects.LoginPage.setUserName(LoginPage.java:35)
at com.inetBanking.testCases.TC_LoginTest_001.logiDDT(TC_LoginTest_001.java:17)
... Removed 25 stack frames]]>
    </failure>
  </testcase> <!-- logiDDT -->
  <testcase classname="com.inetBanking.testCases.TC_LoginDD_002" name="loginDD_002" time="0.0">
    <ignored/>
  </testcase> <!-- loginDD_002 -->
</testsuite> <!-- BankingApp Chrome Test(failed) -->
